<?xml version="1.0" encoding="UTF-8" ?>
<testsuite tests="23" failures="0" name="com.dyy.mybatis.memoInfoTest.MemoInfoTest" time="0.242" errors="0" skipped="0">
  <properties>
    <property name="idea.version" value="2018.1.1"/>
    <property name="java.runtime.name" value="Java(TM) SE Runtime Environment"/>
    <property name="sun.boot.library.path" value="D:\jdk\jre\bin"/>
    <property name="java.vm.version" value="25.161-b12"/>
    <property name="java.vm.vendor" value="Oracle Corporation"/>
    <property name="maven.multiModuleProjectDirectory" value="G:\java_workspace\mybatis-class"/>
    <property name="java.vendor.url" value="http://java.oracle.com/"/>
    <property name="path.separator" value=";"/>
    <property name="guice.disable.misplaced.annotation.check" value="true"/>
    <property name="java.vm.name" value="Java HotSpot(TM) 64-Bit Server VM"/>
    <property name="file.encoding.pkg" value="sun.io"/>
    <property name="user.script" value=""/>
    <property name="user.country" value="CN"/>
    <property name="sun.java.launcher" value="SUN_STANDARD"/>
    <property name="sun.os.patch.level" value=""/>
    <property name="java.vm.specification.name" value="Java Virtual Machine Specification"/>
    <property name="user.dir" value="G:\java_workspace\mybatis-class"/>
    <property name="java.runtime.version" value="1.8.0_161-b12"/>
    <property name="java.awt.graphicsenv" value="sun.awt.Win32GraphicsEnvironment"/>
    <property name="java.endorsed.dirs" value="D:\jdk\jre\lib\endorsed"/>
    <property name="os.arch" value="amd64"/>
    <property name="java.io.tmpdir" value="C:\Users\lenovo\AppData\Local\Temp\"/>
    <property name="line.separator" value="
"/>
    <property name="java.vm.specification.vendor" value="Oracle Corporation"/>
    <property name="user.variant" value=""/>
    <property name="os.name" value="Windows 10"/>
    <property name="classworlds.conf" value="D:\apache-maven-3.5.3\bin\m2.conf"/>
    <property name="sun.jnu.encoding" value="GBK"/>
    <property name="java.library.path" value="D:\jdk\bin;C:\WINDOWS\Sun\Java\bin;C:\WINDOWS\system32;C:\WINDOWS;C:\ProgramData\Oracle\Java\javapath;C:\WINDOWS\system32;C:\WINDOWS;C:\WINDOWS\System32\Wbem;C:\WINDOWS\System32\WindowsPowerShell\v1.0\;C:\Program Files (x86)\ATI Technologies\ATI.ACE\Core-Static;C:\Program Files\Intel\WiFi\bin\;C:\Program Files\Common Files\Intel\WirelessCommon\;D:\jdk\bin;C:\Program Files\MySQL\MySQL Server 5.7\bin;C:\WINDOWS\System32\OpenSSH\;D:\apache-maven-3.5.3\bin;C:\Program Files\Bandizip\;%USERPROFILE%\AppData\Local\Microsoft\WindowsApps;;."/>
    <property name="maven.conf" value="D:\apache-maven-3.5.3/conf"/>
    <property name="java.specification.name" value="Java Platform API Specification"/>
    <property name="java.class.version" value="52.0"/>
    <property name="sun.management.compiler" value="HotSpot 64-Bit Tiered Compilers"/>
    <property name="os.version" value="10.0"/>
    <property name="user.home" value="C:\Users\lenovo"/>
    <property name="user.timezone" value="Asia/Shanghai"/>
    <property name="java.awt.printerjob" value="sun.awt.windows.WPrinterJob"/>
    <property name="java.specification.version" value="1.8"/>
    <property name="file.encoding" value="UTF-8"/>
    <property name="user.name" value="lenovo"/>
    <property name="java.class.path" value="D:\apache-maven-3.5.3\boot\plexus-classworlds-2.5.2.jar;D:\IntelliJ IDEA\IntelliJ IDEA 2018.1.1\lib\idea_rt.jar"/>
    <property name="java.vm.specification.version" value="1.8"/>
    <property name="sun.arch.data.model" value="64"/>
    <property name="java.home" value="D:\jdk\jre"/>
    <property name="sun.java.command" value="org.codehaus.classworlds.Launcher -Didea.version=2018.1.1 package -f pom.xml"/>
    <property name="java.specification.vendor" value="Oracle Corporation"/>
    <property name="user.language" value="zh"/>
    <property name="awt.toolkit" value="sun.awt.windows.WToolkit"/>
    <property name="java.vm.info" value="mixed mode"/>
    <property name="java.version" value="1.8.0_161"/>
    <property name="java.ext.dirs" value="D:\jdk\jre\lib\ext;C:\WINDOWS\Sun\Java\lib\ext"/>
    <property name="sun.boot.class.path" value="D:\jdk\jre\lib\resources.jar;D:\jdk\jre\lib\rt.jar;D:\jdk\jre\lib\sunrsasign.jar;D:\jdk\jre\lib\jsse.jar;D:\jdk\jre\lib\jce.jar;D:\jdk\jre\lib\charsets.jar;D:\jdk\jre\lib\jfr.jar;D:\jdk\jre\classes"/>
    <property name="java.vendor" value="Oracle Corporation"/>
    <property name="maven.home" value="D:\apache-maven-3.5.3"/>
    <property name="file.separator" value="\"/>
    <property name="java.vendor.url.bug" value="http://bugreport.sun.com/bugreport/"/>
    <property name="sun.cpu.endian" value="little"/>
    <property name="sun.io.unicode.encoding" value="UnicodeLittle"/>
    <property name="sun.desktop" value="windows"/>
    <property name="sun.cpu.isalist" value="amd64"/>
  </properties>
  <testcase classname="com.dyy.mybatis.memoInfoTest.MemoInfoTest" name="updateExceptedContentTest" time="0.165"/>
  <testcase classname="com.dyy.mybatis.memoInfoTest.MemoInfoTest" name="queryMemoInfoWithPrivacyAndLikeTitleOrBackgroundTest" time="0.001"/>
  <testcase classname="com.dyy.mybatis.memoInfoTest.MemoInfoTest" name="queryMemoInfoByIdReturnHashMapTest" time="0"/>
  <testcase classname="com.dyy.mybatis.memoInfoTest.MemoInfoTest" name="queryMemoInfoBetweenStartTimeAndEndTimeTest" time="0.006"/>
  <testcase classname="com.dyy.mybatis.memoInfoTest.MemoInfoTest" name="queryMemoInfoWithTitleOrContentTest" time="0.001"/>
  <testcase classname="com.dyy.mybatis.memoInfoTest.MemoInfoTest" name="queryMemoByPage1Test" time="0.001"/>
  <testcase classname="com.dyy.mybatis.memoInfoTest.MemoInfoTest" name="queryMemoInfoWithPrivacyAndLikeTitleAndBackground2Test" time="0"/>
  <testcase classname="com.dyy.mybatis.memoInfoTest.MemoInfoTest" name="queryMemoInfoByPageObjectTest" time="0.002"/>
  <testcase classname="com.dyy.mybatis.memoInfoTest.MemoInfoTest" name="queryMemoInfoInSameStationTest" time="0"/>
  <testcase classname="com.dyy.mybatis.memoInfoTest.MemoInfoTest" name="queryMemoInfoByArrayTest" time="0"/>
  <testcase classname="com.dyy.mybatis.memoInfoTest.MemoInfoTest" name="queryMemoInfoByMapTest" time="0.001"/>
  <testcase classname="com.dyy.mybatis.memoInfoTest.MemoInfoTest" name="queryMemoInfoAllTest" time="0.002"/>
  <testcase classname="com.dyy.mybatis.memoInfoTest.MemoInfoTest" name="insertMemoInfoTest" time="0.021"/>
  <testcase classname="com.dyy.mybatis.memoInfoTest.MemoInfoTest" name="updateMemoInfoTest" time="0.01"/>
  <testcase classname="com.dyy.mybatis.memoInfoTest.MemoInfoTest" name="queryMemoInfoByIdTest" time="0"/>
  <testcase classname="com.dyy.mybatis.memoInfoTest.MemoInfoTest" name="deleteMemoInfoByIdTest" time="0.003"/>
  <testcase classname="com.dyy.mybatis.memoInfoTest.MemoInfoTest" name="queryMemoInfoByPageTest" time="0.012"/>
  <testcase classname="com.dyy.mybatis.memoInfoTest.MemoInfoTest" name="queryMemoInfoWithPrivacyAndLikeTitleAndBackgroundTest" time="0.001"/>
  <testcase classname="com.dyy.mybatis.memoInfoTest.MemoInfoTest" name="queryMemoInfoByListTest" time="0"/>
  <testcase classname="com.dyy.mybatis.memoInfoTest.MemoInfoTest" name="queryMemoInfoAllReturnHashMapTest" time="0.001"/>
  <testcase classname="com.dyy.mybatis.memoInfoTest.MemoInfoTest" name="updateMemoInfoWithObjectTest" time="0.014"/>
  <testcase classname="com.dyy.mybatis.memoInfoTest.MemoInfoTest" name="queryMemoInfoWithTitleAndProtectedTest" time="0.001"/>
  <testcase classname="com.dyy.mybatis.memoInfoTest.MemoInfoTest" name="queryMemoInfoWithPrivacyAndLikeTitleTest" time="0"/>
</testsuite>